Arguments: 
  C:\Program Files\nodejs\node.exe C:\Program Files (x86)\Yarn\bin\yarn.js

PATH: 
  C:\Users\aashr\bin;C:\Program Files\Git\mingw64\bin;C:\Program Files\Git\usr\local\bin;C:\Program Files\Git\usr\bin;C:\Program Files\Git\usr\bin;C:\Program Files\Git\mingw64\bin;C:\Program Files\Git\usr\bin;C:\Users\aashr\bin;C:\WINDOWS\system32;C:\WINDOWS;C:\WINDOWS\System32\Wbem;C:\WINDOWS\System32\WindowsPowerShell\v1.0;C:\WINDOWS\System32\OpenSSH;C:\mingw64\bin;C:\Program Files\nodejs;C:\Program Files\Microsoft SQL Server\Client SDK\ODBC\130\Tools\Binn;C:\Program Files (x86)\Microsoft SQL Server\140\Tools\Binn;C:\Program Files\Microsoft SQL Server\140\Tools\Binn;C:\Program Files\Microsoft SQL Server\140\DTS\Binn;C:\Program Files (x86)\Microsoft SQL Server\150\DTS\Binn;C:\Program Files\Git\cmd;C:\Program Files\Microsoft SQL Server\130\Tools\Binn;C:\Program Files (x86)\Yarn\bin;C:\Program Files\dotnet;C:\Program Files (x86)\GnuPG\bin;C:\Program Files (x86)\Intel\Intel(R) Management Engine Components\DAL;C:\Program Files\Intel\Intel(R) Management Engine Components\DAL;C:\Users\aashr\AppData\Local\Programs\Python\Python37-32\Scripts;C:\Users\aashr\AppData\Local\Programs\Python\Python37-32;C:\Users\aashr\AppData\Local\Microsoft\WindowsApps;C:\Users\aashr\AppData\Local\Programs\Microsoft VS Code\bin;C:\Users\aashr\AppData\Local\atom\bin;C:\altera_lite\16.0\modelsim_ase\win32aloem;C:\Users\aashr\AppData\Roaming\npm;C:\Users\aashr\AppData\Local\Yarn\bin;C:\Users\aashr\AppData\Local\GitHubDesktop\bin;C:\Program Files\heroku\bin;C:\mingw64\bin;C:\mingw64\x86_64-w64-mingw32\bin;C:\Program Files\JetBrains\PyCharm Community Edition 2019.3.3\bin;C:\chromedriver;C:\Program Files (x86)\Arduino;C:\Program Files\Git\usr\bin\vendor_perl;C:\Program Files\Git\usr\bin\core_perl

Yarn version: 
  1.19.1

Node version: 
  10.16.3

Platform: 
  win32 x64

Trace: 
  Error: https://registry.yarnpkg.com/@material-ui/icons/-/icons-4.9.1.tgz: ESOCKETTIMEDOUT
      at ClientRequest.<anonymous> (C:\Program Files (x86)\Yarn\lib\cli.js:141191:19)
      at Object.onceWrapper (events.js:286:20)
      at ClientRequest.emit (events.js:198:13)
      at TLSSocket.emitRequestTimeout (_http_client.js:662:40)
      at Object.onceWrapper (events.js:286:20)
      at TLSSocket.emit (events.js:198:13)
      at TLSSocket.Socket._onTimeout (net.js:442:8)
      at ontimeout (timers.js:436:11)
      at tryOnTimeout (timers.js:300:5)
      at listOnTimeout (timers.js:263:5)

npm manifest: 
  {
    "name": "babejo",
    "version": "0.1.0",
    "private": true,
    "dependencies": {
      "@date-io/date-fns": "^1.3.9",
      "@material-ui/core": "^4.11.0",
      "@material-ui/icons": "^4.9.1",
      "@material-ui/lab": "^4.0.0-alpha.56",
      "@material-ui/pickers": "^3.2.10",
      "@testing-library/jest-dom": "^4.2.4",
      "@testing-library/react": "^9.3.2",
      "@testing-library/user-event": "^7.1.2",
      "date-fns": "^2.16.1",
      "enzyme": "^3.11.0",
      "enzyme-adapter-react-16": "^1.15.3",
      "enzyme-to-json": "^3.5.0",
      "formik": "^2.1.5",
      "final-form": "^4.20.1",
      "node-sass": "^4.14.1",
      "react": "^16.13.1",
      "react-dom": "^16.13.1",
      "react-intl": "2.7.1",
      "react-redux": "^7.1.1",
      "react-router-dom": "^5.1.0",
      "react-scripts": "^3.4.3",
      "react-test-renderer": "^16.13.1",
      "redux": "^4.0.4",
      "redux-saga": "^1.1.1",
      "sinon": "^9.0.3",
      "yup": "^0.29.3"
    },
    "scripts": {
      "start": "react-scripts start",
      "build": "react-scripts build",
      "test": "react-scripts test",
      "eject": "react-scripts eject"
    },
    "eslintConfig": {
      "extends": "react-app"
    },
    "browserslist": {
      "production": [
        ">0.2%",
        "not dead",
        "not op_mini all"
      ],
      "development": [
        "last 1 chrome version",
        "last 1 firefox version",
        "last 1 safari version"
      ]
    }
  }

yarn manifest: 
  No manifest

Lockfile: 
  No lockfile
